[     727ms] [LOG] %cWelcome to GitLab!%c

Does this page need fixes or improvements? Open an issue or contribute a merge request to help make GitLab more lovable. At GitLab, everyone can contribute!

🤝 Contribute to GitLab: https://about.gitlab.com/community/contribute/
🔎 Create a new GitLab issue: https://gitlab.com/gitlab-org/gitlab/-/issues/new
🚀 We like your curiosity! Help us improve GitLab by joining the team: https://about.gitlab.com/jobs/ padding-top: 0.5em; font-size: 2em; padding-bottom: 0.5em; @ https://gitlab.com/assets/webpack/sentry.31c7170b.chunk.js:0
[   48913ms] [LOG] %cWelcome to GitLab!%c

Does this page need fixes or improvements? Open an issue or contribute a merge request to help make GitLab more lovable. At GitLab, everyone can contribute!

🤝 Contribute to GitLab: https://about.gitlab.com/community/contribute/
🔎 Create a new GitLab issue: https://gitlab.com/gitlab-org/gitlab/-/issues/new
🚀 We like your curiosity! Help us improve GitLab by joining the team: https://about.gitlab.com/jobs/ padding-top: 0.5em; font-size: 2em; padding-bottom: 0.5em; @ https://gitlab.com/assets/webpack/sentry.31c7170b.chunk.js:0
[   54564ms] [LOG] %cWelcome to GitLab!%c

Does this page need fixes or improvements? Open an issue or contribute a merge request to help make GitLab more lovable. At GitLab, everyone can contribute!

🤝 Contribute to GitLab: https://about.gitlab.com/community/contribute/
🔎 Create a new GitLab issue: https://gitlab.com/gitlab-org/gitlab/-/issues/new
🚀 We like your curiosity! Help us improve GitLab by joining the team: https://about.gitlab.com/jobs/ padding-top: 0.5em; font-size: 2em; padding-bottom: 0.5em; @ https://gitlab.com/assets/webpack/sentry.31c7170b.chunk.js:0
[   60108ms] [LOG] %cWelcome to GitLab!%c

Does this page need fixes or improvements? Open an issue or contribute a merge request to help make GitLab more lovable. At GitLab, everyone can contribute!

🤝 Contribute to GitLab: https://about.gitlab.com/community/contribute/
🔎 Create a new GitLab issue: https://gitlab.com/gitlab-org/gitlab/-/issues/new
🚀 We like your curiosity! Help us improve GitLab by joining the team: https://about.gitlab.com/jobs/ padding-top: 0.5em; font-size: 2em; padding-bottom: 0.5em; @ https://gitlab.com/assets/webpack/sentry.31c7170b.chunk.js:0
[   65661ms] [LOG] %cWelcome to GitLab!%c

Does this page need fixes or improvements? Open an issue or contribute a merge request to help make GitLab more lovable. At GitLab, everyone can contribute!

🤝 Contribute to GitLab: https://about.gitlab.com/community/contribute/
🔎 Create a new GitLab issue: https://gitlab.com/gitlab-org/gitlab/-/issues/new
🚀 We like your curiosity! Help us improve GitLab by joining the team: https://about.gitlab.com/jobs/ padding-top: 0.5em; font-size: 2em; padding-bottom: 0.5em; @ https://gitlab.com/assets/webpack/sentry.31c7170b.chunk.js:0
[   71240ms] [LOG] %cWelcome to GitLab!%c

Does this page need fixes or improvements? Open an issue or contribute a merge request to help make GitLab more lovable. At GitLab, everyone can contribute!

🤝 Contribute to GitLab: https://about.gitlab.com/community/contribute/
🔎 Create a new GitLab issue: https://gitlab.com/gitlab-org/gitlab/-/issues/new
🚀 We like your curiosity! Help us improve GitLab by joining the team: https://about.gitlab.com/jobs/ padding-top: 0.5em; font-size: 2em; padding-bottom: 0.5em; @ https://gitlab.com/assets/webpack/sentry.31c7170b.chunk.js:0
[   76799ms] [LOG] %cWelcome to GitLab!%c

Does this page need fixes or improvements? Open an issue or contribute a merge request to help make GitLab more lovable. At GitLab, everyone can contribute!

🤝 Contribute to GitLab: https://about.gitlab.com/community/contribute/
🔎 Create a new GitLab issue: https://gitlab.com/gitlab-org/gitlab/-/issues/new
🚀 We like your curiosity! Help us improve GitLab by joining the team: https://about.gitlab.com/jobs/ padding-top: 0.5em; font-size: 2em; padding-bottom: 0.5em; @ https://gitlab.com/assets/webpack/sentry.31c7170b.chunk.js:0
[   82464ms] [LOG] %cWelcome to GitLab!%c

Does this page need fixes or improvements? Open an issue or contribute a merge request to help make GitLab more lovable. At GitLab, everyone can contribute!

🤝 Contribute to GitLab: https://about.gitlab.com/community/contribute/
🔎 Create a new GitLab issue: https://gitlab.com/gitlab-org/gitlab/-/issues/new
🚀 We like your curiosity! Help us improve GitLab by joining the team: https://about.gitlab.com/jobs/ padding-top: 0.5em; font-size: 2em; padding-bottom: 0.5em; @ https://gitlab.com/assets/webpack/sentry.31c7170b.chunk.js:0
[   88039ms] [LOG] %cWelcome to GitLab!%c

Does this page need fixes or improvements? Open an issue or contribute a merge request to help make GitLab more lovable. At GitLab, everyone can contribute!

🤝 Contribute to GitLab: https://about.gitlab.com/community/contribute/
🔎 Create a new GitLab issue: https://gitlab.com/gitlab-org/gitlab/-/issues/new
🚀 We like your curiosity! Help us improve GitLab by joining the team: https://about.gitlab.com/jobs/ padding-top: 0.5em; font-size: 2em; padding-bottom: 0.5em; @ https://gitlab.com/assets/webpack/sentry.31c7170b.chunk.js:0
[   93601ms] [LOG] %cWelcome to GitLab!%c

Does this page need fixes or improvements? Open an issue or contribute a merge request to help make GitLab more lovable. At GitLab, everyone can contribute!

🤝 Contribute to GitLab: https://about.gitlab.com/community/contribute/
🔎 Create a new GitLab issue: https://gitlab.com/gitlab-org/gitlab/-/issues/new
🚀 We like your curiosity! Help us improve GitLab by joining the team: https://about.gitlab.com/jobs/ padding-top: 0.5em; font-size: 2em; padding-bottom: 0.5em; @ https://gitlab.com/assets/webpack/sentry.31c7170b.chunk.js:0
[   99270ms] [LOG] %cWelcome to GitLab!%c

Does this page need fixes or improvements? Open an issue or contribute a merge request to help make GitLab more lovable. At GitLab, everyone can contribute!

🤝 Contribute to GitLab: https://about.gitlab.com/community/contribute/
🔎 Create a new GitLab issue: https://gitlab.com/gitlab-org/gitlab/-/issues/new
🚀 We like your curiosity! Help us improve GitLab by joining the team: https://about.gitlab.com/jobs/ padding-top: 0.5em; font-size: 2em; padding-bottom: 0.5em; @ https://gitlab.com/assets/webpack/sentry.31c7170b.chunk.js:0
[  104862ms] [LOG] %cWelcome to GitLab!%c

Does this page need fixes or improvements? Open an issue or contribute a merge request to help make GitLab more lovable. At GitLab, everyone can contribute!

🤝 Contribute to GitLab: https://about.gitlab.com/community/contribute/
🔎 Create a new GitLab issue: https://gitlab.com/gitlab-org/gitlab/-/issues/new
🚀 We like your curiosity! Help us improve GitLab by joining the team: https://about.gitlab.com/jobs/ padding-top: 0.5em; font-size: 2em; padding-bottom: 0.5em; @ https://gitlab.com/assets/webpack/sentry.31c7170b.chunk.js:0
[  110684ms] [LOG] %cWelcome to GitLab!%c

Does this page need fixes or improvements? Open an issue or contribute a merge request to help make GitLab more lovable. At GitLab, everyone can contribute!

🤝 Contribute to GitLab: https://about.gitlab.com/community/contribute/
🔎 Create a new GitLab issue: https://gitlab.com/gitlab-org/gitlab/-/issues/new
🚀 We like your curiosity! Help us improve GitLab by joining the team: https://about.gitlab.com/jobs/ padding-top: 0.5em; font-size: 2em; padding-bottom: 0.5em; @ https://gitlab.com/assets/webpack/sentry.31c7170b.chunk.js:0
[  116221ms] [LOG] %cWelcome to GitLab!%c

Does this page need fixes or improvements? Open an issue or contribute a merge request to help make GitLab more lovable. At GitLab, everyone can contribute!

🤝 Contribute to GitLab: https://about.gitlab.com/community/contribute/
🔎 Create a new GitLab issue: https://gitlab.com/gitlab-org/gitlab/-/issues/new
🚀 We like your curiosity! Help us improve GitLab by joining the team: https://about.gitlab.com/jobs/ padding-top: 0.5em; font-size: 2em; padding-bottom: 0.5em; @ https://gitlab.com/assets/webpack/sentry.31c7170b.chunk.js:0
[  121843ms] [LOG] %cWelcome to GitLab!%c

Does this page need fixes or improvements? Open an issue or contribute a merge request to help make GitLab more lovable. At GitLab, everyone can contribute!

🤝 Contribute to GitLab: https://about.gitlab.com/community/contribute/
🔎 Create a new GitLab issue: https://gitlab.com/gitlab-org/gitlab/-/issues/new
🚀 We like your curiosity! Help us improve GitLab by joining the team: https://about.gitlab.com/jobs/ padding-top: 0.5em; font-size: 2em; padding-bottom: 0.5em; @ https://gitlab.com/assets/webpack/sentry.31c7170b.chunk.js:0
[  127450ms] [LOG] %cWelcome to GitLab!%c

Does this page need fixes or improvements? Open an issue or contribute a merge request to help make GitLab more lovable. At GitLab, everyone can contribute!

🤝 Contribute to GitLab: https://about.gitlab.com/community/contribute/
🔎 Create a new GitLab issue: https://gitlab.com/gitlab-org/gitlab/-/issues/new
🚀 We like your curiosity! Help us improve GitLab by joining the team: https://about.gitlab.com/jobs/ padding-top: 0.5em; font-size: 2em; padding-bottom: 0.5em; @ https://gitlab.com/assets/webpack/sentry.31c7170b.chunk.js:0
[  133034ms] [LOG] %cWelcome to GitLab!%c

Does this page need fixes or improvements? Open an issue or contribute a merge request to help make GitLab more lovable. At GitLab, everyone can contribute!

🤝 Contribute to GitLab: https://about.gitlab.com/community/contribute/
🔎 Create a new GitLab issue: https://gitlab.com/gitlab-org/gitlab/-/issues/new
🚀 We like your curiosity! Help us improve GitLab by joining the team: https://about.gitlab.com/jobs/ padding-top: 0.5em; font-size: 2em; padding-bottom: 0.5em; @ https://gitlab.com/assets/webpack/sentry.31c7170b.chunk.js:0
[  138606ms] [LOG] %cWelcome to GitLab!%c

Does this page need fixes or improvements? Open an issue or contribute a merge request to help make GitLab more lovable. At GitLab, everyone can contribute!

🤝 Contribute to GitLab: https://about.gitlab.com/community/contribute/
🔎 Create a new GitLab issue: https://gitlab.com/gitlab-org/gitlab/-/issues/new
🚀 We like your curiosity! Help us improve GitLab by joining the team: https://about.gitlab.com/jobs/ padding-top: 0.5em; font-size: 2em; padding-bottom: 0.5em; @ https://gitlab.com/assets/webpack/sentry.31c7170b.chunk.js:0
[  144176ms] [LOG] %cWelcome to GitLab!%c

Does this page need fixes or improvements? Open an issue or contribute a merge request to help make GitLab more lovable. At GitLab, everyone can contribute!

🤝 Contribute to GitLab: https://about.gitlab.com/community/contribute/
🔎 Create a new GitLab issue: https://gitlab.com/gitlab-org/gitlab/-/issues/new
🚀 We like your curiosity! Help us improve GitLab by joining the team: https://about.gitlab.com/jobs/ padding-top: 0.5em; font-size: 2em; padding-bottom: 0.5em; @ https://gitlab.com/assets/webpack/sentry.31c7170b.chunk.js:0
[  149739ms] [LOG] %cWelcome to GitLab!%c

Does this page need fixes or improvements? Open an issue or contribute a merge request to help make GitLab more lovable. At GitLab, everyone can contribute!

🤝 Contribute to GitLab: https://about.gitlab.com/community/contribute/
🔎 Create a new GitLab issue: https://gitlab.com/gitlab-org/gitlab/-/issues/new
🚀 We like your curiosity! Help us improve GitLab by joining the team: https://about.gitlab.com/jobs/ padding-top: 0.5em; font-size: 2em; padding-bottom: 0.5em; @ https://gitlab.com/assets/webpack/sentry.31c7170b.chunk.js:0
[  155458ms] [LOG] %cWelcome to GitLab!%c

Does this page need fixes or improvements? Open an issue or contribute a merge request to help make GitLab more lovable. At GitLab, everyone can contribute!

🤝 Contribute to GitLab: https://about.gitlab.com/community/contribute/
🔎 Create a new GitLab issue: https://gitlab.com/gitlab-org/gitlab/-/issues/new
🚀 We like your curiosity! Help us improve GitLab by joining the team: https://about.gitlab.com/jobs/ padding-top: 0.5em; font-size: 2em; padding-bottom: 0.5em; @ https://gitlab.com/assets/webpack/sentry.31c7170b.chunk.js:0
[  161059ms] [LOG] %cWelcome to GitLab!%c

Does this page need fixes or improvements? Open an issue or contribute a merge request to help make GitLab more lovable. At GitLab, everyone can contribute!

🤝 Contribute to GitLab: https://about.gitlab.com/community/contribute/
🔎 Create a new GitLab issue: https://gitlab.com/gitlab-org/gitlab/-/issues/new
🚀 We like your curiosity! Help us improve GitLab by joining the team: https://about.gitlab.com/jobs/ padding-top: 0.5em; font-size: 2em; padding-bottom: 0.5em; @ https://gitlab.com/assets/webpack/sentry.31c7170b.chunk.js:0
[  166701ms] [LOG] %cWelcome to GitLab!%c

Does this page need fixes or improvements? Open an issue or contribute a merge request to help make GitLab more lovable. At GitLab, everyone can contribute!

🤝 Contribute to GitLab: https://about.gitlab.com/community/contribute/
🔎 Create a new GitLab issue: https://gitlab.com/gitlab-org/gitlab/-/issues/new
🚀 We like your curiosity! Help us improve GitLab by joining the team: https://about.gitlab.com/jobs/ padding-top: 0.5em; font-size: 2em; padding-bottom: 0.5em; @ https://gitlab.com/assets/webpack/sentry.31c7170b.chunk.js:0
